[13588:8016:0509/100525.993:WARNING:chrome_main_delegate.cc(745)] This is Chrome version 128.0.6613.138 (not a warning)
[13588:8016:0509/100526.221:ERROR:os_crypt_win.cc(100)] Failed to decrypt: Key not valid for use in specified state. (0x8009000B)
[13588:17652:0509/100526.434:ERROR:google_update_settings.cc(265)] Failed opening key Software\Chromium to set usagestats; result: 5
[13588:8016:0509/100526.593:WARNING:account_consistency_mode_manager.cc(77)] Desktop Identity Consistency cannot be enabled as no OAuth client ID and client secret have been configured.
[13588:34736:0509/100530.387:WARNING:leveldb_database.cc(141)] Unable to open C:\Users\icode\OneDrive\Desktop\BackroomsUnreal\Noah_Keavney\Saved\webcache_6613\Default\shared_proto_db\metadata: IO error: C:\Users\icode\OneDrive\Desktop\BackroomsUnreal\Noah_Keavney\Saved\webcache_6613\Default\shared_proto_db\metadata/MANIFEST-000001: Unable to create sequential file (ChromeMethodBFE: 7::NewSequentialFile::1)
[13588:34736:0509/100530.388:WARNING:leveldb_database.cc(141)] Unable to open C:\Users\icode\OneDrive\Desktop\BackroomsUnreal\Noah_Keavney\Saved\webcache_6613\Default\shared_proto_db\metadata: IO error: C:\Users\icode\OneDrive\Desktop\BackroomsUnreal\Noah_Keavney\Saved\webcache_6613\Default\shared_proto_db\metadata/MANIFEST-000001: Unable to create sequential file (ChromeMethodBFE: 7::NewSequentialFile::1)
[13588:34736:0509/100530.390:WARNING:leveldb_database.cc(141)] Unable to open C:\Users\icode\OneDrive\Desktop\BackroomsUnreal\Noah_Keavney\Saved\webcache_6613\Default\shared_proto_db\metadata: IO error: C:\Users\icode\OneDrive\Desktop\BackroomsUnreal\Noah_Keavney\Saved\webcache_6613\Default\shared_proto_db\metadata/MANIFEST-000001: Unable to create sequential file (ChromeMethodBFE: 7::NewSequentialFile::1)
[13588:34736:0509/100530.391:WARNING:leveldb_database.cc(141)] Unable to open C:\Users\icode\OneDrive\Desktop\BackroomsUnreal\Noah_Keavney\Saved\webcache_6613\Default\shared_proto_db\metadata: IO error: C:\Users\icode\OneDrive\Desktop\BackroomsUnreal\Noah_Keavney\Saved\webcache_6613\Default\shared_proto_db\metadata/MANIFEST-000001: Unable to create sequential file (ChromeMethodBFE: 7::NewSequentialFile::1)
[13588:17652:0509/100531.065:WARNING:value_store_frontend.cc(47)] Reading ahfgeienlihckogmohjhadlkjgocpleb.alarms from  failed: IO error: .../MANIFEST-000001: Unable to create sequential file (ChromeMethodBFE: 7::NewSequentialFile::1)
[13588:17652:0509/100531.066:WARNING:value_store_frontend.cc(47)] Reading mhjfbmdgcfjbbpaeojofohoefgiehjai.alarms from  failed: IO error: .../MANIFEST-000001: Unable to create sequential file (ChromeMethodBFE: 7::NewSequentialFile::1)
[29184:29856:0509/100531.356:WARNING:frame_impl.cc(430)] virtual CefFrameImpl::SendProcessMessage sent to detached frame 5-B5F1152C70FA850DAB66B18D63FF6C91 will be ignored
[13588:23436:0509/100533.027:WARNING:browser_info.cc(345)] Returning a speculative frame for [7,9]
[13588:8016:0509/100533.360:WARNING:browser_info.cc(345)] Returning a speculative frame for [9,9]
[13588:8016:0509/100533.360:WARNING:browser_info.cc(345)] Returning a speculative frame for [9,9]
[13588:8016:0509/100533.360:WARNING:browser_info.cc(345)] Returning a speculative frame for [9,9]
[13588:8016:0509/100533.360:WARNING:browser_info.cc(345)] Returning a speculative frame for [9,9]
[13588:23436:0509/100533.367:WARNING:browser_info.cc(345)] Returning a speculative frame for [9,9]
[31700:15008:0509/100541.029:WARNING:codec.cc(525)] Explicitly added H264 constrained baseline to list of supported formats.
[31700:15008:0509/100541.235:WARNING:codec.cc(525)] Explicitly added H264 constrained baseline to list of supported formats.
[31700:4668:0509/100541.265:WARNING:codec.cc(525)] Explicitly added H264 constrained baseline to list of supported formats.
[31700:4668:0509/100541.267:WARNING:codec.cc(525)] Explicitly added H264 constrained baseline to list of supported formats.
[31700:4668:0509/100541.267:WARNING:codec.cc(525)] Explicitly added H264 constrained baseline to list of supported formats.
[15232:12864:0509/100541.389:WARNING:host_resolver_dns_task.cc(863)] Address list empty after RFC3484 sort
[15232:12864:0509/100541.407:WARNING:host_resolver_dns_task.cc(863)] Address list empty after RFC3484 sort
[15232:12864:0509/100541.428:ERROR:socket_manager.cc(147)] Failed to resolve address for stun.cloudflare.com., errorcode: -105
[15232:12864:0509/100541.428:ERROR:socket_manager.cc(147)] Failed to resolve address for stun.cloudflare.com., errorcode: -105
[15232:12864:0509/100541.428:ERROR:socket_manager.cc(147)] Failed to resolve address for stun.cloudflare.com., errorcode: -105
[31700:4668:0509/100541.428:WARNING:stun_port.cc(442)] Port[3e3d800:0:1:0:host:Net[any:0:0:0:x:x:x:x:x/0:Wildcard:id=0]]: StunPort: stun host lookup received error -1
[31700:4668:0509/100541.428:WARNING:stun_port.cc(442)] Port[3e3c000:1:1:0:host:Net[any:0:0:0:x:x:x:x:x/0:Wildcard:id=0]]: StunPort: stun host lookup received error -1
[31700:4668:0509/100541.428:WARNING:stun_port.cc(442)] Port[3e3f400:2:1:0:host:Net[any:0:0:0:x:x:x:x:x/0:Wildcard:id=0]]: StunPort: stun host lookup received error -1
[13588:8016:0509/113150.240:ERROR:device_event_log_impl.cc(196)] [11:31:49.529] USB: usb_service_win.cc:105 SetupDiGetDeviceProperty({{A45C254E-DF1C-4EFD-8020-67D146A850E0}, 6}) failed: Element not found. (0x490)
[13588:8016:0509/113150.448:WARNING:pref_notifier_impl.cc(41)] Pref observer for media_router.cast_allow_all_ips found at shutdown.
